<?xml version="1.0" encoding="UTF-8"?>
<testng-results skipped="0" failed="0" ignored="0" total="3" passed="3">
  <reporter-output>
  </reporter-output>
  <suite name="Suite" duration-ms="41597" started-at="2017-05-09T13:42:27Z" finished-at="2017-05-09T13:43:09Z">
    <groups>
    </groups>
    <test name="Test" duration-ms="41597" started-at="2017-05-09T13:42:27Z" finished-at="2017-05-09T13:43:09Z">
      <class name="testcase.Tc_01">
        <test-method status="PASS" signature="m1()[pri:0, instance:testcase.Tc_01@6d00a15d]" name="m1" duration-ms="15447" started-at="2017-05-09T19:12:27Z" finished-at="2017-05-09T19:12:42Z">
          <reporter-output>
          </reporter-output>
        </test-method> <!-- m1 -->
      </class> <!-- testcase.Tc_01 -->
      <class name="testcase.Tc_03">
        <test-method status="PASS" signature="m1()[pri:0, instance:testcase.Tc_03@51081592]" name="m1" duration-ms="13501" started-at="2017-05-09T19:12:55Z" finished-at="2017-05-09T19:13:09Z">
          <reporter-output>
          </reporter-output>
        </test-method> <!-- m1 -->
      </class> <!-- testcase.Tc_03 -->
      <class name="testcase.Tc_02">
        <test-method status="PASS" signature="m1()[pri:0, instance:testcase.Tc_02@396a51ab]" name="m1" duration-ms="12614" started-at="2017-05-09T19:12:42Z" finished-at="2017-05-09T19:12:55Z">
          <reporter-output>
          </reporter-output>
        </test-method> <!-- m1 -->
      </class> <!-- testcase.Tc_02 -->
    </test> <!-- Test -->
  </suite> <!-- Suite -->
</testng-results>
